::1 - - [05/Apr/2021:10:46:48 +0000] "GET / HTTP/1.1" 304 - "-" "Mozilla/5.0 (Windows NT 10.0; Win64; x64) AppleWebKit/537.36 (KHTML, like Gecko) Chrome/89.0.4389.114 Safari/537.36"
::1 - - [05/Apr/2021:10:47:43 +0000] "GET /users/profile/606ae6fd4426bf45243d1bf5 HTTP/1.1" 200 3492 "http://localhost:9000/" "Mozilla/5.0 (Windows NT 10.0; Win64; x64) AppleWebKit/537.36 (KHTML, like Gecko) Chrome/89.0.4389.114 Safari/537.36"
::1 - - [05/Apr/2021:10:50:24 +0000] "GET / HTTP/1.1" 304 - "-" "Mozilla/5.0 (Windows NT 10.0; Win64; x64) AppleWebKit/537.36 (KHTML, like Gecko) Chrome/89.0.4389.114 Safari/537.36"
::1 - - [05/Apr/2021:14:31:01 +0000] "GET / HTTP/1.1" 200 4535 "-" "Mozilla/5.0 (Windows NT 10.0; Win64; x64) AppleWebKit/537.36 (KHTML, like Gecko) Chrome/89.0.4389.114 Safari/537.36"
::1 - - [05/Apr/2021:14:31:06 +0000] "GET / HTTP/1.1" 304 - "-" "Mozilla/5.0 (Windows NT 10.0; Win64; x64) AppleWebKit/537.36 (KHTML, like Gecko) Chrome/89.0.4389.114 Safari/537.36"
::1 - - [05/Apr/2021:14:31:16 +0000] "GET / HTTP/1.1" 304 - "-" "Mozilla/5.0 (Windows NT 10.0; Win64; x64) AppleWebKit/537.36 (KHTML, like Gecko) Chrome/89.0.4389.114 Safari/537.36"
::1 - - [05/Apr/2021:14:31:25 +0000] "GET / HTTP/1.1" 304 - "-" "Mozilla/5.0 (Windows NT 10.0; Win64; x64) AppleWebKit/537.36 (KHTML, like Gecko) Chrome/89.0.4389.114 Safari/537.36"
::1 - - [05/Apr/2021:14:34:59 +0000] "GET / HTTP/1.1" 304 - "-" "Mozilla/5.0 (Windows NT 10.0; Win64; x64) AppleWebKit/537.36 (KHTML, like Gecko) Chrome/89.0.4389.114 Safari/537.36"
::1 - - [05/Apr/2021:14:35:00 +0000] "GET / HTTP/1.1" 304 - "-" "Mozilla/5.0 (Windows NT 10.0; Win64; x64) AppleWebKit/537.36 (KHTML, like Gecko) Chrome/89.0.4389.114 Safari/537.36"
::1 - - [05/Apr/2021:14:35:30 +0000] "GET / HTTP/1.1" 304 - "-" "Mozilla/5.0 (Windows NT 10.0; Win64; x64) AppleWebKit/537.36 (KHTML, like Gecko) Chrome/89.0.4389.114 Safari/537.36"
::1 - - [05/Apr/2021:14:35:31 +0000] "GET / HTTP/1.1" 304 - "-" "Mozilla/5.0 (Windows NT 10.0; Win64; x64) AppleWebKit/537.36 (KHTML, like Gecko) Chrome/89.0.4389.114 Safari/537.36"
::1 - - [05/Apr/2021:14:36:58 +0000] "GET / HTTP/1.1" 304 - "-" "Mozilla/5.0 (Windows NT 10.0; Win64; x64) AppleWebKit/537.36 (KHTML, like Gecko) Chrome/89.0.4389.114 Safari/537.36"
::1 - - [05/Apr/2021:14:37:01 +0000] "GET / HTTP/1.1" 304 - "-" "Mozilla/5.0 (Windows NT 10.0; Win64; x64) AppleWebKit/537.36 (KHTML, like Gecko) Chrome/89.0.4389.114 Safari/537.36"
::1 - - [05/Apr/2021:14:40:23 +0000] "GET / HTTP/1.1" 304 - "-" "Mozilla/5.0 (Windows NT 10.0; Win64; x64) AppleWebKit/537.36 (KHTML, like Gecko) Chrome/89.0.4389.114 Safari/537.36"
::1 - - [05/Apr/2021:14:40:26 +0000] "GET / HTTP/1.1" 304 - "-" "Mozilla/5.0 (Windows NT 10.0; Win64; x64) AppleWebKit/537.36 (KHTML, like Gecko) Chrome/89.0.4389.114 Safari/537.36"
::1 - - [05/Apr/2021:14:41:59 +0000] "GET / HTTP/1.1" 304 - "-" "Mozilla/5.0 (Windows NT 10.0; Win64; x64) AppleWebKit/537.36 (KHTML, like Gecko) Chrome/89.0.4389.114 Safari/537.36"
::1 - - [05/Apr/2021:14:42:01 +0000] "GET / HTTP/1.1" 304 - "-" "Mozilla/5.0 (Windows NT 10.0; Win64; x64) AppleWebKit/537.36 (KHTML, like Gecko) Chrome/89.0.4389.114 Safari/537.36"
::1 - - [05/Apr/2021:14:42:38 +0000] "GET / HTTP/1.1" 304 - "-" "Mozilla/5.0 (Windows NT 10.0; Win64; x64) AppleWebKit/537.36 (KHTML, like Gecko) Chrome/89.0.4389.114 Safari/537.36"
::1 - - [05/Apr/2021:14:42:40 +0000] "GET / HTTP/1.1" 304 - "-" "Mozilla/5.0 (Windows NT 10.0; Win64; x64) AppleWebKit/537.36 (KHTML, like Gecko) Chrome/89.0.4389.114 Safari/537.36"
::1 - - [05/Apr/2021:14:42:43 +0000] "GET / HTTP/1.1" 304 - "-" "Mozilla/5.0 (Windows NT 10.0; Win64; x64) AppleWebKit/537.36 (KHTML, like Gecko) Chrome/89.0.4389.114 Safari/537.36"
::1 - - [05/Apr/2021:14:42:58 +0000] "GET / HTTP/1.1" 304 - "-" "Mozilla/5.0 (Windows NT 10.0; Win64; x64) AppleWebKit/537.36 (KHTML, like Gecko) Chrome/89.0.4389.114 Safari/537.36"
::1 - - [05/Apr/2021:14:42:59 +0000] "GET / HTTP/1.1" 304 - "-" "Mozilla/5.0 (Windows NT 10.0; Win64; x64) AppleWebKit/537.36 (KHTML, like Gecko) Chrome/89.0.4389.114 Safari/537.36"
::1 - - [05/Apr/2021:14:43:08 +0000] "GET / HTTP/1.1" 304 - "-" "Mozilla/5.0 (Windows NT 10.0; Win64; x64) AppleWebKit/537.36 (KHTML, like Gecko) Chrome/89.0.4389.114 Safari/537.36"
::1 - - [05/Apr/2021:14:43:16 +0000] "GET / HTTP/1.1" 304 - "-" "Mozilla/5.0 (Windows NT 10.0; Win64; x64) AppleWebKit/537.36 (KHTML, like Gecko) Chrome/89.0.4389.114 Safari/537.36"
[0mGET / [32m200[0m 41.959 ms - 4726[0m
[0mGET / [36m304[0m 19.694 ms - -[0m
[0mGET / [36m304[0m 12.296 ms - -[0m
::1 - - [05/Apr/2021:14:44:41 +0000] "GET / HTTP/1.1" 200 4535 "-" "Mozilla/5.0 (Windows NT 10.0; Win64; x64) AppleWebKit/537.36 (KHTML, like Gecko) Chrome/89.0.4389.114 Safari/537.36"
[0mGET / [32m200[0m 40.278 ms - 4726[0m
[0mGET / [36m304[0m 60.306 ms - -[0m
[0mGET / [36m304[0m 22.880 ms - -[0m
[0mGET / [36m304[0m 12.852 ms - -[0m
[0mGET / [36m304[0m 22.133 ms - -[0m
[0mGET / [36m304[0m 47.117 ms - -[0m
[0mGET /js/chatbox.js [33m404[0m 12.426 ms - 152[0m
[0mGET /js/home_post_comments.js [33m404[0m 20.145 ms - 163[0m
[0mGET /js/home_posts.js [33m404[0m 31.220 ms - 155[0m
[0mGET /js/toggle_likes.js [33m404[0m 38.285 ms - 157[0m
[0mGET /js/chat_engine.js [33m404[0m 38.049 ms - 156[0m
[0mGET / [36m304[0m 13.269 ms - -[0m
[0mGET /css/layout.css [33m404[0m 6.835 ms - 153[0m
[0mGET /css/header.css [33m404[0m 10.203 ms - 153[0m
[0mGET /css/_posts.css [33m404[0m 10.743 ms - 153[0m
[0mGET /css/home.css [33m404[0m 13.331 ms - 151[0m
[0mGET /css/footer.css [33m404[0m 17.575 ms - 153[0m
[0mGET /css/chat_box.css [33m404[0m 18.348 ms - 155[0m
[0mGET /js/chatbox.js [33m404[0m 18.910 ms - 152[0m
[0mGET /js/home_post_comments.js [33m404[0m 16.231 ms - 163[0m
[0mGET /js/home_posts.js [33m404[0m 16.519 ms - 155[0m
[0mGET /js/toggle_likes.js [33m404[0m 15.311 ms - 157[0m
[0mGET /js/chat_engine.js [33m404[0m 15.122 ms - 156[0m
[0mGET /js/home_post_comments.js [33m404[0m 2.109 ms - 163[0m
[0mGET /js/home_posts.js [33m404[0m 2.655 ms - 155[0m
[0mGET /js/toggle_likes.js [33m404[0m 2.901 ms - 157[0m
[0mGET /js/chat_engine.js [33m404[0m 5.851 ms - 156[0m
[0mGET / [36m304[0m 13.704 ms - -[0m
[0mGET /css/footer.css [33m404[0m 9.492 ms - 153[0m
[0mGET /css/header.css [33m404[0m 9.718 ms - 153[0m
[0mGET /css/layout.css [33m404[0m 13.031 ms - 153[0m
[0mGET /css/home.css [33m404[0m 11.292 ms - 151[0m
[0mGET /css/chat_box.css [33m404[0m 11.462 ms - 155[0m
[0mGET /css/_posts.css [33m404[0m 11.399 ms - 153[0m
[0mGET /js/chatbox.js [33m404[0m 10.037 ms - 152[0m
[0mGET /js/home_post_comments.js [33m404[0m 8.094 ms - 163[0m
[0mGET /js/chat_engine.js [33m404[0m 13.804 ms - 156[0m
[0mGET /js/home_posts.js [33m404[0m 13.918 ms - 155[0m
[0mGET /js/toggle_likes.js [33m404[0m 15.131 ms - 157[0m
[0mGET /js/chat_engine.js [33m404[0m 3.895 ms - 156[0m
[0mGET / [36m304[0m 13.645 ms - -[0m
[0mGET /css/layout.css [33m404[0m 8.322 ms - 153[0m
[0mGET /css/header.css [33m404[0m 11.488 ms - 153[0m
[0mGET /css/footer.css [33m404[0m 12.138 ms - 153[0m
[0mGET /css/home.css [33m404[0m 11.919 ms - 151[0m
[0mGET /css/chat_box.css [33m404[0m 13.479 ms - 155[0m
[0mGET /css/_posts.css [33m404[0m 11.439 ms - 153[0m
[0mGET /js/chatbox.js [33m404[0m 10.608 ms - 152[0m
[0mGET /js/home_post_comments.js [33m404[0m 9.147 ms - 163[0m
[0mGET /js/home_posts.js [33m404[0m 7.542 ms - 155[0m
[0mGET /js/toggle_likes.js [33m404[0m 7.665 ms - 157[0m
[0mGET /js/chat_engine.js [33m404[0m 11.618 ms - 156[0m
[0mGET / [36m304[0m 18.557 ms - -[0m
[0mGET /css/layout.css [33m404[0m 10.730 ms - 153[0m
[0mGET /css/header.css [33m404[0m 16.120 ms - 153[0m
[0mGET /css/footer.css [33m404[0m 15.477 ms - 153[0m
[0mGET /css/home.css [33m404[0m 15.358 ms - 151[0m
[0mGET /css/chat_box.css [33m404[0m 16.211 ms - 155[0m
[0mGET /css/_posts.css [33m404[0m 20.382 ms - 153[0m
[0mGET /js/chatbox.js [33m404[0m 9.206 ms - 152[0m
[0mGET /js/home_post_comments.js [33m404[0m 14.379 ms - 163[0m
[0mGET /js/home_posts.js [33m404[0m 15.168 ms - 155[0m
[0mGET /js/toggle_likes.js [33m404[0m 16.390 ms - 157[0m
[0mGET /js/chat_engine.js [33m404[0m 15.558 ms - 156[0m
[0mGET / [36m304[0m 16.917 ms - -[0m
[0mGET /js/chatbox.js [33m404[0m 5.551 ms - 152[0m
[0mGET /css/layout.css [33m404[0m 8.478 ms - 153[0m
[0mGET /css/header.css [33m404[0m 7.413 ms - 153[0m
[0mGET /css/footer.css [33m404[0m 7.545 ms - 153[0m
[0mGET /css/home.css [33m404[0m 12.043 ms - 151[0m
[0mGET /css/chat_box.css [33m404[0m 14.684 ms - 155[0m
[0mGET /js/home_post_comments.js [33m404[0m 11.126 ms - 163[0m
[0mGET /js/toggle_likes.js [33m404[0m 22.875 ms - 157[0m
[0mGET /js/chat_engine.js [33m404[0m 27.705 ms - 156[0m
[0mGET /js/home_posts.js [33m404[0m 15.263 ms - 155[0m
[0mGET /css/_posts.css [33m404[0m 28.268 ms - 153[0m
[0mGET /js/home_post_comments.js [33m404[0m 2.531 ms - 163[0m
[0mGET /js/home_posts.js [33m404[0m 1.765 ms - 155[0m
[0mGET /js/toggle_likes.js [33m404[0m 5.254 ms - 157[0m
[0mGET /js/chat_engine.js [33m404[0m 1.888 ms - 156[0m
